#! /usr/bin/vvp
:ivl_version "13.0 (stable)" "(v13_0-dirty)";
:ivl_delay_selection "TYPICAL";
:vpi_time_precision + 0;
:vpi_module "/usr/lib/ivl/system.vpi";
:vpi_module "/usr/lib/ivl/vhdl_sys.vpi";
:vpi_module "/usr/lib/ivl/vhdl_textio.vpi";
:vpi_module "/usr/lib/ivl/v2005_math.vpi";
:vpi_module "/usr/lib/ivl/va_math.vpi";
:vpi_module "/usr/lib/ivl/v2009.vpi";
S_0x558d94a76510 .scope package, "$unit" "$unit" 2 1;
 .timescale 0 0;
S_0x558d94a766a0 .scope module, "TB" "TB" 3 7;
 .timescale 0 0;
v0x558d94ad17c0_0 .var "addr", 4 0;
v0x558d94ad18a0_0 .var "clock", 0 0;
v0x558d94ad1970_0 .var "data_in", 9 0;
v0x558d94ad1a70_0 .net "data_out", 9 0, v0x558d94ad0a40_0;  1 drivers
v0x558d94ad1b40_0 .var/i "file_ptr", 31 0;
v0x558d94ad1c30_0 .var "read", 0 0;
v0x558d94ad1cd0_0 .var "write", 0 0;
S_0x558d94a76830 .scope module, "TB_memory" "memory" 3 48, 4 1 0, S_0x558d94a766a0;
 .timescale 0 0;
    .port_info 0 /INPUT 1 "clock";
    .port_info 1 /INPUT 1 "read";
    .port_info 2 /INPUT 1 "write";
    .port_info 3 /INPUT 5 "addr";
    .port_info 4 /INPUT 10 "data_in";
    .port_info 5 /OUTPUT 10 "data_out";
P_0x558d94aa2280 .param/l "ADDR_W" 0 4 4, +C4<00000000000000000000000000000101>;
P_0x558d94aa22c0 .param/l "DEPTH" 0 4 2, +C4<00000000000000000000000000100000>;
P_0x558d94aa2300 .param/l "WIDTH" 0 4 3, +C4<00000000000000000000000000001010>;
v0x558d94aa2a20_0 .net "addr", 4 0, v0x558d94ad17c0_0;  1 drivers
v0x558d94ad0890_0 .net "clock", 0 0, v0x558d94ad18a0_0;  1 drivers
v0x558d94ad0950_0 .net "data_in", 9 0, v0x558d94ad1970_0;  1 drivers
v0x558d94ad0a40_0 .var "data_out", 9 0;
v0x558d94ad0b20 .array "ram", 31 0, 9 0;
v0x558d94ad0c30_0 .net "read", 0 0, v0x558d94ad1c30_0;  1 drivers
v0x558d94ad0cf0_0 .net "write", 0 0, v0x558d94ad1cd0_0;  1 drivers
E_0x558d94ab47b0 .event posedge, v0x558d94ad0890_0;
S_0x558d94ad0e70 .scope begin, "running_tests" "running_tests" 3 57, 3 57 0, S_0x558d94a766a0;
 .timescale 0 0;
v0x558d94ad1350_0 .var/i "status", 31 0;
v0x558d94ad1450_0 .var "t_addr", 4 0;
v0x558d94ad1530_0 .var "t_data_in", 9 0;
v0x558d94ad15f0_0 .var "t_read", 0 0;
v0x558d94ad16b0_0 .var "t_write", 0 0;
S_0x558d94ad1070 .scope begin, "$ivl_for_loop0" "$ivl_for_loop0" 3 65, 3 65 0, S_0x558d94ad0e70;
 .timescale 0 0;
v0x558d94ad1250_0 .var/i "i", 31 0;
    .scope S_0x558d94a76830;
T_0 ;
    %wait E_0x558d94ab47b0;
    %load/vec4 v0x558d94ad0cf0_0;
    %flag_set/vec4 8;
    %jmp/0xz  T_0.0, 8;
    %load/vec4 v0x558d94ad0950_0;
    %load/vec4 v0x558d94aa2a20_0;
    %pad/u 7;
    %ix/vec4 3;
    %ix/load 4, 0, 0; Constant delay
    %assign/vec4/a/d v0x558d94ad0b20, 0, 4;
T_0.0 ;
    %load/vec4 v0x558d94ad0c30_0;
    %flag_set/vec4 8;
    %jmp/0xz  T_0.2, 8;
    %load/vec4 v0x558d94aa2a20_0;
    %pad/u 7;
    %ix/vec4 4;
    %load/vec4a v0x558d94ad0b20, 4;
    %assign/vec4 v0x558d94ad0a40_0, 0;
    %jmp T_0.3;
T_0.2 ;
    %pushi/vec4 0, 0, 10;
    %assign/vec4 v0x558d94ad0a40_0, 0;
T_0.3 ;
    %jmp T_0;
    .thread T_0;
    .scope S_0x558d94a766a0;
T_1 ;
    %pushi/vec4 0, 0, 1;
    %store/vec4 v0x558d94ad18a0_0, 0, 1;
    %end;
    .thread T_1;
    .scope S_0x558d94a766a0;
T_2 ;
    %delay 10, 0;
    %load/vec4 v0x558d94ad18a0_0;
    %inv;
    %store/vec4 v0x558d94ad18a0_0, 0, 1;
    %jmp T_2;
    .thread T_2;
    .scope S_0x558d94a766a0;
T_3 ;
    %vpi_call/w 3 26 "$dumpfile", "simulation.vcd" {0 0 0};
    %vpi_call/w 3 27 "$dumpvars", 32'sb00000000000000000000000000000000, S_0x558d94a766a0 {0 0 0};
    %end;
    .thread T_3;
    .scope S_0x558d94a766a0;
T_4 ;
    %vpi_call/w 3 31 "$display", "read, write, addr, data_in, data_out" {0 0 0};
    %vpi_call/w 3 32 "$monitor", "%d, %d, %d, %d, %d", v0x558d94ad1c30_0, v0x558d94ad1cd0_0, v0x558d94ad17c0_0, v0x558d94ad1970_0, v0x558d94ad1a70_0 {0 0 0};
    %vpi_func 3 38 "$fopen" 32, "TB.txt", "r" {0 0 0};
    %store/vec4 v0x558d94ad1b40_0, 0, 32;
    %load/vec4 v0x558d94ad1b40_0;
    %cmpi/e 0, 0, 32;
    %jmp/0xz  T_4.0, 4;
    %vpi_call/w 3 40 "$display", "\320\235\320\265 \321\201\320\274\320\276\320\263 \320\276\321\202\320\272\321\200\321\213\321\202\321\214 \321\204\320\260\320\271\320\273 \321\202\320\265\321\201\321\202\320\261\320\265\320\275\321\207\320\260." {0 0 0};
    %vpi_call/w 3 41 "$finish" {0 0 0};
T_4.0 ;
    %end;
    .thread T_4;
    .scope S_0x558d94a766a0;
T_5 ;
    %fork t_1, S_0x558d94ad0e70;
    %jmp t_0;
    .scope S_0x558d94ad0e70;
t_1 ;
    %fork t_3, S_0x558d94ad1070;
    %jmp t_2;
    .scope S_0x558d94ad1070;
t_3 ;
    %pushi/vec4 0, 0, 32;
    %store/vec4 v0x558d94ad1250_0, 0, 32;
T_5.0 ; Top of for-loop
    %load/vec4 v0x558d94ad1250_0;
    %cmpi/s 10, 0, 32;
    %flag_get/vec4 5;
    %jmp/0 T_5.3, 5;
    %vpi_func 3 65 "$feof" 32, v0x558d94ad1b40_0 {0 0 0};
    %nor/r;
    %and;
T_5.3;
    %flag_set/vec4 8;
	  %jmp/0xz T_5.1, 8;
    %wait E_0x558d94ab47b0;
    %vpi_func 3 67 "$fscanf" 32, v0x558d94ad1b40_0, "%d, %d, %d, %d", v0x558d94ad15f0_0, v0x558d94ad16b0_0, v0x558d94ad1450_0, v0x558d94ad1530_0 {0 0 0};
    %store/vec4 v0x558d94ad1350_0, 0, 32;
    %load/vec4 v0x558d94ad15f0_0;
    %assign/vec4 v0x558d94ad1c30_0, 0;
    %load/vec4 v0x558d94ad16b0_0;
    %assign/vec4 v0x558d94ad1cd0_0, 0;
    %load/vec4 v0x558d94ad1450_0;
    %assign/vec4 v0x558d94ad17c0_0, 0;
    %load/vec4 v0x558d94ad1530_0;
    %assign/vec4 v0x558d94ad1970_0, 0;
T_5.2 ; for-loop step statement
    %load/vec4 v0x558d94ad1250_0;
    %addi 1, 0, 32;
    %store/vec4 v0x558d94ad1250_0, 0, 32;
    %jmp T_5.0;
T_5.1 ; for-loop exit label
    %end;
    .scope S_0x558d94ad0e70;
t_2 %join;
    %delay 30, 0;
    %vpi_call/w 3 76 "$fclose", v0x558d94ad1b40_0 {0 0 0};
    %vpi_call/w 3 77 "$finish" {0 0 0};
    %end;
    .scope S_0x558d94a766a0;
t_0 %join;
    %end;
    .thread T_5;
# The file index is used to find the file name in the following table.
:file_names 5;
    "N/A";
    "<interactive>";
    "-";
    "MemoryEmulatorTB.v";
    "./MemoryEmulator.v";
